2023-04-23 09:34:49,413 - __main__ - INFO - Authentication for Twitter API successful!
2023-04-23 09:34:49,682 - __main__ - INFO - Todays trending Twitter Topic in Germany is: Twitter Blue with  587242 tweets
2023-04-23 09:44:44,044 - __main__ - INFO - Authentication for Twitter API successful!
2023-04-23 09:44:44,390 - __main__ - INFO - Todays trending Twitter Topic in Germany is: Twitter Blue with  608857 tweets
2023-04-23 09:54:36,801 - __main__ - INFO - Authentication for Twitter API successful!
2023-04-23 09:54:37,092 - __main__ - INFO - Todays trending Twitter Topic in Germany is: Twitter Blue with  615108 tweets
2023-04-23 10:11:38,411 - __main__ - INFO - Authentication for Twitter API successful!
2023-04-23 10:11:38,688 - __main__ - INFO - Todays trending Twitter Topic in Germany is: Twitter Blue with  630367 tweets
2023-04-23 23:14:29,281 - __main__ - INFO - Authentication for Twitter API successful!
2023-04-23 23:14:29,605 - __main__ - INFO - Todays trending Twitter Topic in Germany is: Newcastle with  184653 tweets
2023-04-24 23:19:18,238 - __main__ - INFO - Authentication for Twitter API successful!
2023-04-24 23:19:18,457 - __main__ - INFO - Todays trending Twitter Topic in Germany is: seventeen with  1255344 tweets
2023-04-25 23:14:50,846 - __main__ - INFO - Authentication for Twitter API successful!
2023-04-25 23:14:51,118 - __main__ - INFO - Todays trending Twitter Topic in Germany is: Tucker Carlson with  805729 tweets
2023-04-26 23:15:53,502 - __main__ - INFO - Authentication for Twitter API successful!
2023-04-26 23:15:53,721 - __main__ - INFO - Todays trending Twitter Topic in Germany is: Arsenal with  916931 tweets
2023-04-27 23:15:51,547 - __main__ - INFO - Authentication for Twitter API successful!
2023-04-27 23:15:51,741 - __main__ - INFO - Todays trending Twitter Topic in Germany is: Jerry Springer with  335092 tweets
2023-04-28 23:14:49,313 - __main__ - INFO - Authentication for Twitter API successful!
2023-04-28 23:14:49,542 - __main__ - INFO - Todays trending Twitter Topic in Germany is: Anna with  117065 tweets
2023-04-29 23:14:45,983 - __main__ - INFO - Authentication for Twitter API successful!
2023-04-29 23:14:46,204 - __main__ - INFO - Todays trending Twitter Topic in Germany is: Lamine Yamal with  47932 tweets
2023-04-30 23:14:04,939 - __main__ - INFO - Authentication for Twitter API successful!
2023-04-30 23:14:05,177 - __main__ - INFO - Todays trending Twitter Topic in Germany is: Warriors with  330607 tweets
2023-05-01 23:16:42,747 - __main__ - INFO - Authentication for Twitter API successful!
2023-05-01 23:16:42,977 - __main__ - INFO - Todays trending Twitter Topic in Germany is: $PEPE with  2506769 tweets
2023-05-02 23:15:00,617 - __main__ - INFO - Authentication for Twitter API successful!
2023-05-02 23:15:00,903 - __main__ - INFO - Todays trending Twitter Topic in Germany is: Chelsea with  468436 tweets
2023-05-03 23:14:47,432 - __main__ - INFO - Authentication for Twitter API successful!
2023-05-03 23:14:47,625 - __main__ - INFO - Todays trending Twitter Topic in Germany is: Putin with  303732 tweets
2023-05-04 23:15:57,749 - __main__ - INFO - Authentication for Twitter API successful!
2023-05-04 23:15:58,015 - __main__ - INFO - Todays trending Twitter Topic in Germany is: Yoda with  595139 tweets
2023-05-05 23:15:28,427 - __main__ - INFO - Authentication for Twitter API successful!
2023-05-05 23:15:28,630 - __main__ - INFO - Todays trending Twitter Topic in Germany is: Charles with  279843 tweets
2023-05-06 23:15:23,773 - __main__ - INFO - Authentication for Twitter API successful!
2023-05-06 23:15:24,002 - __main__ - INFO - Todays trending Twitter Topic in Germany is: #Coronation with  1099825 tweets
2023-05-07 23:14:08,410 - __main__ - INFO - Authentication for Twitter API successful!
2023-05-07 23:14:08,725 - __main__ - INFO - Todays trending Twitter Topic in Germany is: Charles with  436599 tweets
2023-05-08 23:15:55,789 - __main__ - INFO - Authentication for Twitter API successful!
2023-05-08 23:15:56,002 - __main__ - INFO - Todays trending Twitter Topic in Germany is: #8mai with  109469 tweets
